<?xml version="1.0" encoding="UTF-8"?>
<!-- Generated by org.testng.reporters.JUnitReportReporter -->
<testsuite hostname="ABHAI" failures="0" tests="3" name="Grouping.LoginTest" time="0.007" errors="0" timestamp="2024-09-02T15:11:48 IST" skipped="0">
  <testcase classname="Grouping.LoginTest" name="LoginByEmail" time="0.005"/>
  <testcase classname="Grouping.LoginTest" name="LoginByFacebook" time="0.001"/>
  <testcase classname="Grouping.LoginTest" name="LoginByTwitter" time="0.001"/>
</testsuite> <!-- Grouping.LoginTest -->
