<?xml version="1.0" encoding="UTF-8"?>
<!-- Generated by org.testng.reporters.JUnitReportReporter -->
<testsuite hostname="ABHAI" failures="0" tests="2" name="Annotations.Before_After_method_annotation" time="0.014" errors="0" timestamp="2024-09-01T22:49:22 IST" skipped="0">
  <testcase classname="Annotations.Before_After_method_annotation" name="search" time="0.004"/>
  <testcase classname="Annotations.Before_After_method_annotation" name="cart" time="0.010"/>
</testsuite> <!-- Annotations.Before_After_method_annotation -->
