<?xml version="1.0" encoding="UTF-8"?>
<!-- Generated by org.testng.reporters.JUnitReportReporter -->
<testsuite hostname="ABHAI" failures="0" tests="4" name="orangeHRM.OrangeHRM" time="14.262" errors="0" timestamp="2024-09-01T01:00:38 IST" skipped="0">
  <testcase classname="orangeHRM.OrangeHRM" name="logo" time="11.660"/>
  <testcase classname="orangeHRM.OrangeHRM" name="login" time="1.180"/>
  <testcase classname="orangeHRM.OrangeHRM" name="logout" time="1.263"/>
  <testcase classname="orangeHRM.OrangeHRM" name="quit_browser" time="0.159"/>
</testsuite> <!-- orangeHRM.OrangeHRM -->
