<?xml version="1.0" encoding="UTF-8"?>
<!-- Generated by org.testng.reporters.JUnitReportReporter -->
<testsuite hostname="ABHAI" failures="0" tests="9" name="parameterization.Parallal_testing_xml" time="9.391" errors="0" timestamp="2024-09-03T00:53:39 IST" skipped="0">
  <testcase classname="parameterization.Parallal_testing_xml" name="testlogo" time="3.073"/>
  <testcase classname="parameterization.Parallal_testing_xml" name="testlogo" time="3.062"/>
  <testcase classname="parameterization.Parallal_testing_xml" name="testlogo" time="3.109"/>
  <testcase classname="parameterization.Parallal_testing_xml" name="testingTitle" time="0.019"/>
  <testcase classname="parameterization.Parallal_testing_xml" name="testingTitle" time="0.003"/>
  <testcase classname="parameterization.Parallal_testing_xml" name="testingTitle" time="0.085"/>
  <testcase classname="parameterization.Parallal_testing_xml" name="testingURL" time="0.012"/>
  <testcase classname="parameterization.Parallal_testing_xml" name="testingURL" time="0.024"/>
  <testcase classname="parameterization.Parallal_testing_xml" name="testingURL" time="0.004"/>
</testsuite> <!-- parameterization.Parallal_testing_xml -->
