<?xml version="1.0" encoding="UTF-8"?>
<!-- Generated by org.testng.reporters.JUnitReportReporter -->
<testsuite hostname="ABHAI" failures="0" tests="1" name="Annotations.Before_AfterTest.C2" time="0.001" errors="0" timestamp="2024-09-02T00:01:01 IST" skipped="0">
  <testcase classname="Annotations.Before_AfterTest.C2" name="abc2" time="0.001"/>
</testsuite> <!-- Annotations.Before_AfterTest.C2 -->
