<?xml version="1.0" encoding="UTF-8"?>
<!-- Generated by org.testng.reporters.JUnitReportReporter -->
<testsuite hostname="ABHAI" failures="0" tests="2" name="Annotations.C1_BFC_and_AFC" time="0.003" errors="0" timestamp="2024-09-01T23:28:51 IST" skipped="0">
  <testcase classname="Annotations.C1_BFC_and_AFC" name="search" time="0.002"/>
  <testcase classname="Annotations.C1_BFC_and_AFC" name="cart" time="0.001"/>
</testsuite> <!-- Annotations.C1_BFC_and_AFC -->
