<?xml version="1.0" encoding="UTF-8"?>
<!-- Generated by org.testng.reporters.JUnitReportReporter -->
<testsuite hostname="ABHAI" failures="0" tests="1" name="pageobjectmodel.TestCase_Login" time="1.825" errors="0" timestamp="2024-09-04T14:57:28 IST" skipped="0">
  <testcase classname="pageobjectmodel.TestCase_Login" name="TestLogin" time="1.825"/>
</testsuite> <!-- pageobjectmodel.TestCase_Login -->
