<?xml version="1.0" encoding="UTF-8"?>
<!-- Generated by org.testng.reporters.JUnitReportReporter -->
<testsuite hostname="ABHAI" failures="0" tests="2" name="orangeHRM.Copy" time="0.007" errors="0" timestamp="2024-09-01T01:00:38 IST" skipped="0">
  <testcase classname="orangeHRM.Copy" name="login" time="0.006"/>
  <testcase classname="orangeHRM.Copy" name="logout" time="0.001"/>
</testsuite> <!-- orangeHRM.Copy -->
