<?xml version="1.0" encoding="UTF-8"?>
<!-- Generated by org.testng.reporters.JUnitReportReporter -->
<testsuite hostname="ABHAI" failures="0" tests="2" name="Grouping.PaymentTest" time="0.002" errors="0" timestamp="2024-09-02T15:06:08 IST" skipped="0">
  <testcase classname="Grouping.PaymentTest" name="paymentinRupees" time="0.001"/>
  <testcase classname="Grouping.PaymentTest" name="paymentinDollars" time="0.001"/>
</testsuite> <!-- Grouping.PaymentTest -->
