<?xml version="1.0" encoding="UTF-8"?>
<!-- Generated by org.testng.reporters.JUnitReportReporter -->
<testsuite hostname="ABHAI" failures="0" tests="2" name="Annotations.BforeSuite.CS3" time="0.001" errors="0" timestamp="2024-09-02T00:18:10 IST" skipped="0">
  <testcase classname="Annotations.BforeSuite.CS3" name="abc3" time="0.001"/>
  <testcase classname="Annotations.BforeSuite.CS3" name="abc3" time="0.000"/>
</testsuite> <!-- Annotations.BforeSuite.CS3 -->
