<?xml version="1.0" encoding="UTF-8"?>
<!-- Generated by org.testng.reporters.JUnitReportReporter -->
<testsuite hostname="ABHAI" failures="0" tests="3" name="Grouping.SignupTest" time="0.002" errors="0" timestamp="2024-09-02T15:02:22 IST" skipped="0">
  <testcase classname="Grouping.SignupTest" name="signupByEmail" time="0.001"/>
  <testcase classname="Grouping.SignupTest" name="signupByFacebook" time="0.001"/>
  <testcase classname="Grouping.SignupTest" name="signupByTwitter" time="0.000"/>
</testsuite> <!-- Grouping.SignupTest -->
