<?xml version="1.0" encoding="UTF-8"?>
<!-- Generated by org.testng.reporters.JUnitReportReporter -->
<testsuite hostname="ABHAI" failures="0" tests="2" name="Annotations.BforeSuite.CS2" time="0.002" errors="0" timestamp="2024-09-02T00:18:10 IST" skipped="0">
  <testcase classname="Annotations.BforeSuite.CS2" name="abc2" time="0.001"/>
  <testcase classname="Annotations.BforeSuite.CS2" name="abc2" time="0.001"/>
</testsuite> <!-- Annotations.BforeSuite.CS2 -->
