<?xml version="1.0" encoding="UTF-8"?>
<!-- Generated by org.testng.reporters.JUnitReportReporter -->
<testsuite hostname="ABHAI" failures="0" tests="1" name="Assertions.HardAssertion" time="0.007" errors="0" timestamp="2024-09-02T00:43:40 IST" skipped="0">
  <testcase classname="Assertions.HardAssertion" name="method" time="0.007"/>
</testsuite> <!-- Assertions.HardAssertion -->
